<?xml version="1.0" encoding="UTF-8"?>
<!-- Generated by org.testng.reporters.JUnitReportReporter -->
<testsuite hostname="lapdell-0235" failures="0" tests="1" name="tests.FillOutFormsTest" time="7.842" errors="0" timestamp="21 Apr 2024 04:47:27 GMT" skipped="0">
  <testcase classname="tests.FillOutFormsTest" name="VerirySubmitEmtryDataForCaptchaForm" time="7.842"/>
</testsuite> <!-- tests.FillOutFormsTest -->
